08:40:06 **** Incremental Build of configuration Debug for project Liftsteuerung ****
Info: Internal Builder is used for build
arm-atollic-eabi-g++ -c -mthumb -mcpu=cortex-m4 -mfloat-abi=hard -mfpu=fpv4-sp-d16 -std=gnu++98 -DHSE_VALUE=25000000 -DSYSCALL_USART=USART1 -I../src -I../Libraries/BSP/ -I../Libraries/sGUI/ -O0 -ffunction-sections -fdata-sections -fno-rtti -g -Wall -fno-threadsafe-statics -o src\IOManager.o ..\src\IOManager.cpp 
In file included from ..\src\IOManager.cpp:10:0:
../Libraries/BSP/carme_io1.h:115:20: warning: inline function 'void CARME_IO1_SWITCH_Get(uint8_t*)' used but never defined [enabled by default]
arm-atollic-eabi-g++ -c -mthumb -mcpu=cortex-m4 -mfloat-abi=hard -mfpu=fpv4-sp-d16 -std=gnu++98 -DHSE_VALUE=25000000 -DSYSCALL_USART=USART1 -I../src -I../Libraries/BSP/ -I../Libraries/sGUI/ -O0 -ffunction-sections -fdata-sections -fno-rtti -g -Wall -fno-threadsafe-statics -o src\LiftSteuerung_test.o ..\src\LiftSteuerung_test.cpp 
arm-atollic-eabi-g++ -c -mthumb -mcpu=cortex-m4 -mfloat-abi=hard -mfpu=fpv4-sp-d16 -std=gnu++98 -DHSE_VALUE=25000000 -DSYSCALL_USART=USART1 -I../src -I../Libraries/BSP/ -I../Libraries/sGUI/ -O0 -ffunction-sections -fdata-sections -fno-rtti -g -Wall -fno-threadsafe-statics -o src\FloorIndicator.o ..\src\FloorIndicator.cpp 
arm-atollic-eabi-g++ src\tiny_printf.o src\startup.o src\intRemap.o src\UARTDispatcher.o src\UARTC.o src\ProxyTransceiverFloorIndicator.o src\ProxyTransceiverChooseButtons.o src\PositionSensors.o src\Observer.o src\Motor.o src\LiftSteuerung_test.o src\LiftSteuerung.o src\Informer.o src\IOManager.o src\FloorIndicator.o src\FloorChooseButtons.o src\ControlUnit.o src\CallButtons.o src\Cabin.o -o Liftsteuerung.elf -mthumb -mcpu=cortex-m4 -mfloat-abi=hard -mfpu=fpv4-sp-d16 -T..\stm32f4_flash.ld -Wl,--start-group -lc -lm -lstdc++ -lsupc++ -Wl,--end-group -static -Wl,-cref,-u,Reset_Handler -Wl,-Map=Liftsteuerung.map -Wl,--gc-sections -Wl,--defsym=malloc_getpagesize_P=0x1000 
src\IOManager.o:(.bss.tim2IRQFunc+0x0): multiple definition of `tim2IRQFunc'
src\UARTC.o:(.bss.tim2IRQFunc+0x0): first defined here
src\IOManager.o:(.bss.usartIRQFunc+0x0): multiple definition of `usartIRQFunc'
src\UARTC.o:(.bss.usartIRQFunc+0x0): first defined here
collect2.exe: error: ld returned 1 exit status
08:40:38 **** Incremental Build of configuration Debug for project Liftsteuerung ****
Info: Internal Builder is used for build
arm-atollic-eabi-g++ src\tiny_printf.o src\startup.o src\intRemap.o src\UARTDispatcher.o src\UARTC.o src\ProxyTransceiverFloorIndicator.o src\ProxyTransceiverChooseButtons.o src\PositionSensors.o src\Observer.o src\Motor.o src\LiftSteuerung_test.o src\LiftSteuerung.o src\Informer.o src\IOManager.o src\FloorIndicator.o src\FloorChooseButtons.o src\ControlUnit.o src\CallButtons.o src\Cabin.o -o Liftsteuerung.elf -mthumb -mcpu=cortex-m4 -mfloat-abi=hard -mfpu=fpv4-sp-d16 -T..\stm32f4_flash.ld -Wl,--start-group -lc -lm -lstdc++ -lsupc++ -Wl,--end-group -static -Wl,-cref,-u,Reset_Handler -Wl,-Map=Liftsteuerung.map -Wl,--gc-sections -Wl,--defsym=malloc_getpagesize_P=0x1000 
src\IOManager.o:(.bss.tim2IRQFunc+0x0): multiple definition of `tim2IRQFunc'
src\UARTC.o:(.bss.tim2IRQFunc+0x0): first defined here
src\IOManager.o:(.bss.usartIRQFunc+0x0): multiple definition of `usartIRQFunc'
src\UARTC.o:(.bss.usartIRQFunc+0x0): first defined here
collect2.exe: error: ld returned 1 exit status
